[00:00:17] [Server thread/INFO]: Bariani[/127.0.0.1:21185] logged in with entity id 28290 at (503.3826534635908, 56.0, 502.9065046425797)
[00:00:17] [Server thread/INFO]: Bariani joined the game
[00:01:47] [Server thread/INFO]: <Guitarrinha> eu n posso fala mt
[00:03:47] [Server thread/INFO]: <Guitarrinha> eu tava perto
[00:03:50] [Server thread/INFO]: <Guitarrinha> n tava la
[00:03:55] [Server thread/INFO]: <Guitarrinha> eu passei reto
[00:04:10] [Server thread/INFO]: <Guitarrinha> man
[00:04:19] [Server thread/INFO]: <Guitarrinha> votei no mew
[00:04:23] [Server thread/INFO]: <Guitarrinha> blz blz
[00:04:28] [Server thread/INFO]: <Guitarrinha> man
[00:04:35] [Server thread/INFO]: <Guitarrinha> eu n posso falaaaaaaaaaaaaaaaaaaaaaaaaaa
[00:04:48] [Server thread/INFO]: <Guitarrinha> to eascreveendo crlh
[00:04:55] [Server thread/INFO]: <Guitarrinha> eu n entrei na eletrica
[00:04:58] [Server thread/INFO]: <Guitarrinha> tava na porta
[00:05:02] [Server thread/INFO]: <Guitarrinha> eu n entrei
[00:05:14] [Server thread/INFO]: <Guitarrinha> ou vc ne
[00:05:37] [Server thread/INFO]: <Guitarrinha> eu era mais n fui eu q mate kkkkkkkkk
[00:05:51] [Server thread/INFO]: <Feshoter> ue
[00:06:08] [Server thread/INFO]: <Feshoter> kkkkkkkkkkk
[00:06:26] [Server thread/INFO]: <Feshoter> eles conseguem ver oq a gente fala?
[00:06:36] [Server thread/INFO]: <Guitarrinha> n sei
[00:06:37] [Server thread/INFO]: <kyleflick124> s
[00:06:43] [Server thread/INFO]: <Feshoter> '-'
[00:08:38] [Server thread/WARN]: Guitarrinha moved too quickly! 10.30502573124295,0.0,0.5107321118808841
[00:08:50] [Server thread/INFO]: <Guitarrinha> parabén mew
[00:08:58] [Server thread/INFO]: <Feshoter> o cara e um genio
[00:09:07] [Server thread/INFO]: <Guitarrinha> full
[00:09:09] [Server thread/INFO]: <Feshoter> me mata e culpa o outro sabotador
[00:09:23] [Server thread/INFO]: kyleflick124 lost connection: Disconnected
[00:09:23] [Server thread/INFO]: kyleflick124 left the game
[00:09:27] [Server thread/INFO]: kyleflick124[/127.0.0.1:21257] logged in with entity id 28311 at (507.06173887567263, 56.0, 503.50288526681993)
[00:09:27] [Server thread/INFO]: kyleflick124 joined the game
[00:10:00] [Server thread/INFO]: <Feshoter> to no spawn
[00:10:03] [Server thread/INFO]: <Feshoter> me ajuda
[00:10:08] [Server thread/INFO]: <Feshoter> ta cheio de comunista aqui
[00:13:13] [Server thread/INFO]: <Feshoter> hmmmmm
[00:15:59] [Server thread/WARN]: MasterProject moved wrongly!
[00:16:19] [Server thread/INFO]: <Guitarrinha> EU ???????????????????????????
[00:16:31] [Server thread/INFO]: <Guitarrinha> oi ?????????
[00:16:45] [Server thread/INFO]: <Guitarrinha> iiiiiiiiiiiiiiiiiiiii
[00:17:10] [Server thread/INFO]: <Guitarrinha> votei no bari
[00:17:15] [Server thread/INFO]: <Guitarrinha> man kkkkkkkkkkkkkkkkkk
[00:17:22] [Server thread/INFO]: <Guitarrinha> querendo jogar a culpa
[00:18:21] [Server thread/INFO]: <Guitarrinha> kkkkkkkkkkkkkkkkkkkkkkkkkkkkkkkkkkkkkkkkkkkkkkkkkkkkkkkkkkkkkkkkkkkkkkkk
[00:18:35] [Server thread/INFO]: <Guitarrinha> kkkkkkkkkkkkkkkkkkkkkkkkkkkkkkkkkkkkkkkkkkkkkkkk
[00:18:42] [Server thread/INFO]: <Guitarrinha> foda kkkkkkkkkkkkkkkkkkkkkkkkkkkkkkkkkkk
[00:19:01] [Server thread/INFO]: <Guitarrinha> a corrida foi muito engraçada kkkkkkkkkkkkkkkkkkkkkkkkkkkkkkkkkkkka
[00:20:29] [Server thread/INFO]: <Guitarrinha> n
[00:20:36] [Server thread/INFO]: <Guitarrinha> eu to com o jogo sem som
[00:20:58] [Server thread/INFO]: <Guitarrinha> foi muito bom kkkkkkkkkkkkkkkkkkk
[00:22:59] [Server thread/INFO]: kyleflick124 lost connection: Disconnected
[00:22:59] [Server thread/INFO]: kyleflick124 left the game
[00:23:01] [Server thread/INFO]: kyleflick124[/127.0.0.1:21460] logged in with entity id 28349 at (641.647257166984, 56.0, 379.46226366000303)
[00:23:01] [Server thread/INFO]: kyleflick124 joined the game
[00:23:18] [Server thread/INFO]: <Guitarrinha> ?
[00:23:36] [Server thread/INFO]: <Guitarrinha> se n viu é pq mato
[00:24:41] [Server thread/INFO]: <Feshoter> mew sus
[00:24:56] [Server thread/INFO]: <Guitarrinha> a
[00:25:48] [Server thread/INFO]: kyleflick124 lost connection: Disconnected
[00:25:48] [Server thread/INFO]: kyleflick124 left the game
[00:25:52] [Server thread/INFO]: kyleflick124[/127.0.0.1:21517] logged in with entity id 28399 at (614.0934639458504, 56.0, 408.69999998807907)
[00:25:52] [Server thread/INFO]: kyleflick124 joined the game
[00:27:57] [Server thread/WARN]: MasterProject moved too quickly! -3.561037297926873,0.0,9.358453000378574
[00:28:47] [Server thread/INFO]: <MasterProject> a
[00:28:50] [Server thread/INFO]: <Feshoter> b
[00:30:50] [Server thread/INFO]: <Guitarrinha> o meu n ta funfando
[00:30:54] [Server thread/INFO]: <Guitarrinha> dos numeros
[00:31:27] [Server thread/INFO]: <Guitarrinha> me respondeeeeeeeeeeeeeeeee
[00:31:42] [Server thread/INFO]: <Guitarrinha> ta
[00:31:48] [Server thread/INFO]: <Guitarrinha> tentei dias vezes
[00:31:55] [Server thread/INFO]: <Guitarrinha> puts
[00:33:04] [Server thread/WARN]: Feshoter moved too quickly! -119.76005358044733,0.0,8.535040778058146
[00:34:13] [Server thread/INFO]: <Guitarrinha> as duas pessoas q eu votei
[00:34:17] [Server thread/INFO]: <Guitarrinha> q orgulho
[00:34:44] [Server thread/INFO]: <kyleflick124> :(
[00:34:49] [Server thread/INFO]: <Guitarrinha> bug nada é choro
[00:37:23] [Server thread/INFO]: kyleflick124 has made the advancement [Diamonds!]
[00:37:36] [Server thread/INFO]: <Guitarrinha> coisas esquisitas acontecem com o marcos depois da reunião
[00:37:57] [Server thread/WARN]: Bariani moved too quickly! 10.79227354856971,0.8336320298843347,-3.702475390816687
[00:38:34] [Server thread/INFO]: Guitarrinha has made the advancement [Diamonds!]
[00:39:01] [Server thread/INFO]: <Guitarrinha> melhor com carvao
[00:39:41] [Server thread/INFO]: <Guitarrinha> quem?
[00:40:05] [Server thread/INFO]: <Guitarrinha> eu tinha uma monitora de MD
[00:40:15] [Server thread/INFO]: <Guitarrinha> q fasia acompanhamento
[00:40:27] [Server thread/INFO]: <Feshoter> facia
[00:40:27] [Server thread/INFO]: <Guitarrinha> a miriane a e francielle kk
[00:40:34] [Server thread/INFO]: <Feshoter> façia
[00:40:39] [Server thread/INFO]: Feshoter has made the advancement [Diamonds!]
[00:40:42] [Server thread/INFO]: yR_Mew has made the advancement [Diamonds!]
[00:41:15] [Server thread/INFO]: kyleflick124 lost connection: Disconnected
[00:41:15] [Server thread/INFO]: kyleflick124 left the game
[00:41:19] [Server thread/INFO]: kyleflick124[/127.0.0.1:21617] logged in with entity id 28442 at (508.7438202701975, 56.0, 509.2142216364467)
[00:41:19] [Server thread/INFO]: kyleflick124 joined the game
[00:42:40] [Server thread/INFO]: Infinitemarcus was slain by Guitarrinha
[00:42:41] [Server thread/WARN]: Infinitemarcus moved too quickly! -5699.251866515323,46.099999999999994,-5506.428222852125
[00:42:41] [Server thread/WARN]: Infinitemarcus moved too quickly! -5699.251866515323,46.099999999999994,-5506.428222852125
[00:42:54] [Server thread/INFO]: <Guitarrinha> ta ruim de pvp em marcus
[00:43:02] [Server thread/WARN]: Infinitemarcus moved too quickly! 5703.472855202602,-46.0,5517.226426658623
[00:43:02] [Server thread/WARN]: Infinitemarcus moved too quickly! 5703.472855202602,-46.0,5517.226426658623
[00:43:06] [Server thread/INFO]: Guitarrinha was slain by Infinitemarcus
[00:43:21] [Server thread/WARN]: Infinitemarcus moved too quickly! -11.193165307951688,-1.0,14.308952778924095
[00:43:36] [Server thread/WARN]: yR_Mew moved wrongly!
[00:45:23] [Server thread/INFO]: <Feshoter> como arruma os fios?
[00:45:33] [Server thread/INFO]: <Feshoter> :(((((((((((((((((((
[00:45:36] [Server thread/INFO]: <MasterProject> coloca a redstone no ouro
[00:45:39] [Server thread/INFO]: <MasterProject> do jeito certo
[00:45:44] [Server thread/INFO]: <MasterProject> se errar, reseta
[00:46:13] [Server thread/INFO]: <Feshoter> sou burro
[00:47:11] [Server thread/WARN]: MasterProject moved too quickly! -9.0,0.0,-11.0
[00:47:11] [Server thread/WARN]: MasterProject moved too quickly! -7.5238989474088385,0.0,-11.759397171375724
[00:47:11] [Server thread/WARN]: MasterProject moved too quickly! -6.961392163241953,0.0,-12.270693333293423
[00:47:11] [Server thread/WARN]: MasterProject moved too quickly! -6.745441801056927,0.0,-12.587512557059938
[00:47:11] [Server thread/WARN]: MasterProject moved too quickly! -6.265636373801726,0.0,-13.651873722914445
[00:47:12] [Server thread/WARN]: MasterProject moved too quickly! -6.028596150025237,0.0,-13.928730192610715
[00:47:12] [Server thread/WARN]: MasterProject moved too quickly! -5.740690522135765,0.0,-14.157356927400258
[00:47:12] [Server thread/WARN]: MasterProject moved too quickly! -5.740690522135765,0.0,-14.157356927400258
[00:47:12] [Server thread/WARN]: MasterProject moved too quickly! -5.093764183788039,0.0,-14.54672871025906
[00:47:12] [Server thread/WARN]: MasterProject moved too quickly! -4.406235664706514,0.0,-14.89254495038648
[00:47:12] [Server thread/WARN]: MasterProject moved too quickly! -3.3293408243808926,0.0,-15.32554374978281
[00:47:12] [Server thread/WARN]: MasterProject moved too quickly! -2.5781449318478735,0.0,-15.509462381110211
[00:47:12] [Server thread/WARN]: MasterProject moved too quickly! -2.5781449318478735,0.0,-15.509462381110211
[00:47:12] [Server thread/WARN]: MasterProject moved too quickly! -1.8156324001946587,0.0,-15.650524242497227
[00:47:12] [Server thread/WARN]: MasterProject moved too quickly! -1.4325508636272843,0.0,-15.713190382292794
[00:47:12] [Server thread/WARN]: MasterProject moved too quickly! -0.6624134426656383,0.0,-15.809777806620446
[00:47:12] [Server thread/WARN]: MasterProject moved too quickly! 0.051161731806018906,0.0,-15.864283236237384
[00:47:13] [Server thread/WARN]: MasterProject moved too quickly! 0.14853484425282204,0.0,-15.869094172236657
[00:47:13] [Server thread/WARN]: MasterProject moved too quickly! 0.14853484425282204,0.0,-15.869094172236657
[00:47:13] [Server thread/WARN]: MasterProject moved too quickly! 0.14853484425282204,0.0,-15.869094172236657
[00:47:13] [Server thread/WARN]: MasterProject moved too quickly! 0.18316091389067424,0.0,-15.869094172236657
[00:47:52] [Server thread/INFO]: <Guitarrinha> eu vi alguem vindo de la
[00:48:03] [Server thread/INFO]: <Guitarrinha> e foi pro reator
[00:48:13] [Server thread/INFO]: <Guitarrinha> onde c tava marcus?
[00:48:37] [Server thread/INFO]: <Guitarrinha> quem se encontrou cmg la no corredor das camera
[00:48:41] [Server thread/INFO]: <Guitarrinha> ???
[00:48:58] [Server thread/INFO]: <Guitarrinha> galeraaaaaaaaaa
[00:49:12] [Server thread/INFO]: <Guitarrinha> onde faz uploa?
[00:49:20] [Server thread/INFO]: <MasterProject> usa a bussola
[00:50:34] [Server thread/INFO]: <Guitarrinha> iiiiiiiiiiiiiiiiiiiii penso
[00:51:36] [Server thread/INFO]: <Guitarrinha> eu ouvi alguem nos fils enquanto tava na medbay
[00:53:57] [Server thread/INFO]: <Guitarrinha> rava na frente do reator
[00:54:07] [Server thread/INFO]: kyleflick124 lost connection: Disconnected
[00:54:07] [Server thread/INFO]: kyleflick124 left the game
[00:54:10] [Server thread/INFO]: kyleflick124[/127.0.0.1:21704] logged in with entity id 28579 at (550.2269805348324, 56.5, 441.97737254079783)
[00:54:10] [Server thread/INFO]: kyleflick124 joined the game
[00:54:19] [Server thread/INFO]: <Guitarrinha> eu tbm acho q é o marcus
[00:54:44] [Server thread/INFO]: <Guitarrinha> pq eu vi ele pelas redondesas da onde eu encontrei
[00:55:00] [Server thread/INFO]: <Guitarrinha> blz
[00:55:34] [Server thread/INFO]: <Guitarrinha> é o fer
[00:56:26] [Server thread/INFO]: <Feshoter> hmmmmmmmmmmmmmmmmm
[00:56:38] [Server thread/INFO]: <Guitarrinha> falei
[00:56:43] [Server thread/INFO]: <Guitarrinha> aaaaaaaaaaaaaaaaaaaaa rapais
[00:58:25] [Server thread/INFO]: <Guitarrinha> minha ultima galera
[01:05:12] [Server thread/INFO]: <Feshoter> hmmmmmmmmmmmm
[01:05:22] [Server thread/INFO]: <Guitarrinha> eu me confundo com a bulsula
[01:05:29] [Server thread/INFO]: <Guitarrinha> e era uma bulsola
[01:05:49] [Server thread/INFO]: kyleflick124 lost connection: Disconnected
[01:05:49] [Server thread/INFO]: kyleflick124 left the game
[01:05:51] [Server thread/INFO]: kyleflick124[/127.0.0.1:21792] logged in with entity id 29188 at (585.4171760699331, 56.0, 438.7723787135151)
[01:05:51] [Server thread/INFO]: kyleflick124 joined the game
[01:06:27] [Server thread/INFO]: <Guitarrinha> o machado n poderia ser d dima p n confundir?
[01:08:51] [Server thread/INFO]: SrM1CH3L[/127.0.0.1:21827] logged in with entity id 29193 at (605.9111300830817, 56.0, 410.82293522711893)
[01:08:51] [Server thread/INFO]: SrM1CH3L joined the game
[01:08:59] [Server thread/INFO]: <SrM1CH3L> pai ta on
[01:09:51] [Server thread/INFO]: <Guitarrinha> tava no reator de baixo
[01:10:07] [Server thread/INFO]: <Guitarrinha> o vermelho
[01:10:21] [Server thread/INFO]: <Guitarrinha> o reator vermelho
[01:10:24] [Server thread/INFO]: <Guitarrinha> aaaaaaaaaaaaaaaaaaaaaaaaa
[01:10:30] [Server thread/INFO]: <Guitarrinha> o de baixo
[01:10:39] [Server thread/INFO]: <Guitarrinha> aaaaaaaaaaaaaa ss
[01:10:54] [Server thread/INFO]: <Guitarrinha> n vi, eu deci reto e fui fazer tesq e tava la
[01:11:01] [Server thread/INFO]: <MasterProject> task
[01:12:38] [Server thread/INFO]: SrM1CH3L fell from a high place
[01:12:47] [Server thread/INFO]: <yR_Mew> michel was not an impostor
[01:13:05] [Server thread/INFO]: <Guitarrinha> eu matei
[01:13:18] [Server thread/INFO]: <Guitarrinha> eu matei na mesma hora
[01:13:36] [Server thread/INFO]: <Guitarrinha> tem cd a reunião
[01:15:06] [Server thread/INFO]: <Guitarrinha> galera
[01:15:09] [Server thread/INFO]: <Guitarrinha> tenho q ir
[01:15:21] [Server thread/INFO]: <Guitarrinha> blz
[01:15:25] [Server thread/INFO]: <Guitarrinha> eu espero
[01:15:28] [Server thread/INFO]: <kyleflick124> Guitarrinha left the game.
[01:15:45] [Server thread/INFO]: <Guitarrinha> left the game
[01:17:18] [Server thread/INFO]: <Guitarrinha> ta
[01:17:18] [Server thread/WARN]: Feshoter moved too quickly! 6.205444585080954,0.0,7.925618578745173
[01:17:18] [Server thread/WARN]: Bariani moved too quickly! -5.972351676578569,0.0,-8.313879068158826
[01:17:22] [Server thread/INFO]: <Guitarrinha> é o marcus
[01:18:12] [Server thread/INFO]: <Guitarrinha> fez msm
[01:18:15] [Server thread/INFO]: <Guitarrinha> eu vi
[01:18:25] [Server thread/INFO]: <Guitarrinha> marcus sujo
[01:18:39] [Server thread/INFO]: <Guitarrinha> ainda?????
[01:19:34] [Server thread/INFO]: <MasterProject> a
[01:19:38] [Server thread/WARN]: yR_Mew moved too quickly! -8.327327340144052,4.306831467138082,4.0759123819198635
[01:20:37] [Server thread/WARN]: Feshoter moved too quickly! 0.5148870236566836,-1.5417553406879563,10.000727592109854
[01:20:37] [Server thread/INFO]: <Guitarrinha> iiiiiiiiiiiiiiiiiiiiiiiiiiiiiiiiiiiiiiiiiiiiiiiiiiiiiiiiiiiiiiiiii
[01:21:38] [Server thread/WARN]: MasterProject moved too quickly! 9.739505022472713,-1.6409186500196853,1.6267254515327636
[01:23:09] [Server thread/INFO]: <Guitarrinha> tchauuuuuuuuuuuu
[01:23:15] [Server thread/INFO]: <Guitarrinha> boa noite galera
[01:23:18] [Server thread/INFO]: Guitarrinha lost connection: Disconnected
[01:23:18] [Server thread/INFO]: Guitarrinha left the game
[01:24:57] [Server thread/WARN]: SrM1CH3L moved wrongly!
[01:31:14] [Server thread/INFO]: kyleflick124 has made the advancement [Sweet Dreams]
[01:31:38] [Server thread/WARN]: MasterProject moved wrongly!
[01:35:33] [Server thread/WARN]: kyleflick124 moved wrongly!
[01:36:00] [Server thread/WARN]: SrM1CH3L moved wrongly!
[01:36:29] [Server thread/INFO]: <MasterProject> a
[01:39:19] [Server thread/INFO]: <Feshoter> muitas risada
[01:41:04] [Server thread/INFO]: <SrM1CH3L> ?
[01:41:11] [Server thread/INFO]: <Feshoter> 1>2
[01:41:57] [Server thread/INFO]: SrM1CH3L has made the advancement [Diamonds!]
[01:42:37] [Server thread/INFO]: Bariani has made the advancement [Diamonds!]
[01:42:45] [Server thread/INFO]: MasterProject has made the advancement [Diamonds!]
[01:43:22] [Server thread/INFO]: Infinitemarcus has made the advancement [Diamonds!]
[01:43:58] [Server thread/INFO]: SrM1CH3L was shot by Feshoter
[01:44:07] [Server thread/INFO]: Bariani was shot by Feshoter
[01:44:17] [Server thread/INFO]: yR_Mew has made the advancement [Ol' Betsy]
[01:44:28] [Server thread/INFO]: yR_Mew was shot by Feshoter
[01:44:36] [Server thread/WARN]: Infinitemarcus moved too quickly! 94.90974522419629,-1.0,-84.08245958012702
[01:44:36] [Server thread/INFO]: Infinitemarcus was shot by yR_Mew
[01:44:38] [Server thread/WARN]: Infinitemarcus moved too quickly! -5801.518997939287,46.099999999999994,-5420.447245124839
[01:44:39] [Server thread/INFO]: kyleflick124 was shot by Feshoter
[01:44:43] [Server thread/WARN]: Infinitemarcus moved too quickly! 5699.627228181681,-46.0,5523.108267876404
[01:46:42] [Server thread/INFO]: kyleflick124 lost connection: Disconnected
[01:46:42] [Server thread/INFO]: kyleflick124 left the game
[01:46:45] [Server thread/INFO]: kyleflick124[/127.0.0.1:21962] logged in with entity id 30235 at (543.0875874070124, 56.0, 407.1338347630032)
[01:46:45] [Server thread/INFO]: kyleflick124 joined the game
[01:46:57] [Server thread/WARN]: yR_Mew moved wrongly!
[01:47:36] [Server thread/WARN]: Infinitemarcus moved wrongly!
[01:47:36] [Server thread/WARN]: Feshoter moved wrongly!
[01:51:38] [Server thread/INFO]: <Infinitemarcus> t
[01:52:32] [Server thread/WARN]: SrM1CH3L moved wrongly!
[01:54:59] [Server thread/WARN]: kyleflick124 moved too quickly! -1.4971073005374933,-0.08609407931551516,-10.039481398822659
[01:56:07] [Server thread/INFO]: MasterProject was killed by magic whilst trying to escape SrM1CH3L
[01:56:29] [Server thread/INFO]: yR_Mew was slain by kyleflick124
[01:56:52] [Server thread/INFO]: kyleflick124 was shot by SrM1CH3L
[01:56:58] [Server thread/INFO]: Bariani was shot by SrM1CH3L
[01:57:16] [Server thread/INFO]: SrM1CH3L was slain by yR_Mew
[01:57:21] [Server thread/INFO]: kyleflick124 was slain by yR_Mew
[01:57:36] [Server thread/INFO]: Feshoter was slain by yR_Mew
[01:57:48] [Server thread/INFO]: Bariani was slain by SrM1CH3L
[01:57:55] [Server thread/INFO]: SrM1CH3L was slain by Feshoter
[01:58:18] [Server thread/INFO]: kyleflick124 fell out of the world
[01:58:53] [Server thread/INFO]: Bariani lost connection: Disconnected
[01:58:53] [Server thread/INFO]: Bariani left the game
[01:58:55] [Server thread/INFO]: MasterProject lost connection: Disconnected
[01:58:55] [Server thread/INFO]: MasterProject left the game
[01:59:11] [Server thread/INFO]: yR_Mew was shot by kyleflick124
[01:59:13] [Server thread/INFO]: yR_Mew lost connection: Disconnected
[01:59:13] [Server thread/INFO]: yR_Mew left the game
[01:59:23] [Server thread/INFO]: SrM1CH3L lost connection: Disconnected
[01:59:23] [Server thread/INFO]: SrM1CH3L left the game
[02:00:49] [Server thread/INFO]: Feshoter lost connection: Disconnected
[02:00:49] [Server thread/INFO]: Feshoter left the game
[02:02:08] [Server thread/INFO]: kyleflick124 lost connection: Disconnected
[02:02:08] [Server thread/INFO]: kyleflick124 left the game
[02:02:11] [Server thread/INFO]: Infinitemarcus lost connection: Disconnected
[02:02:11] [Server thread/INFO]: Infinitemarcus left the game
[02:02:32] [Server thread/INFO]: Stopping server
[02:02:32] [Server thread/INFO]: Saving players
[02:02:32] [Server thread/INFO]: Saving worlds
[02:02:32] [Server thread/INFO]: Saving chunks for level 'ServerLevel[HackoonSpace]'/minecraft:overworld
[02:02:32] [Server thread/INFO]: ThreadedAnvilChunkStorage (HackoonSpace): All chunks are saved
[02:02:32] [Server thread/INFO]: Saving chunks for level 'ServerLevel[HackoonSpace]'/minecraft:the_nether
[02:02:32] [Server thread/INFO]: ThreadedAnvilChunkStorage (DIM-1): All chunks are saved
[02:02:32] [Server thread/INFO]: Saving chunks for level 'ServerLevel[HackoonSpace]'/minecraft:the_end
[02:02:32] [Server thread/INFO]: ThreadedAnvilChunkStorage (DIM1): All chunks are saved
[02:02:32] [Server thread/INFO]: ThreadedAnvilChunkStorage (HackoonSpace): All chunks are saved
[02:02:32] [Server thread/INFO]: ThreadedAnvilChunkStorage (DIM-1): All chunks are saved
[02:02:32] [Server thread/INFO]: ThreadedAnvilChunkStorage (DIM1): All chunks are saved
